Sequence #1: 16675
Sequence #2: CAACAGAT
Sequence #3: 142129
Sequence #4: C
Sequence #5: G
Sequence #6: T
Sequence #7: CA
Sequence #8: CC
Sequence #9: CG
Sequence #10: CT
Sequence #11: GA
Sequence #12: GC
Sequence #13: GG
Sequence #14: GT
Sequence #15: TA
Sequence #16: TC
Sequence #17: TG
Sequence #18: TT
Sequence #19: CAA
Sequence #20: CAC
Sequence #21: CAG
Sequence #22: CAT
Sequence #23: CCA
Sequence #24: CCC
Sequence #25: CCG
Sequence #26: CCT
Sequence #27: CGA
Sequence #28: CGC
Sequence #29: CGG
Sequence #30: CGT
Sequence #31: CTA
Sequence #32: CTC
Sequence #33: CTG
Sequence #34: CTT
Sequence #35: GAA
Sequence #36: GAC
Sequence #37: GAG
Sequence #38: GAT
Sequence #39: GCA
Sequence #40: GCC
Sequence #41: GCG
Sequence #42: GCT
Sequence #43: GGA
Sequence #44: GGC
Sequence #45: GGG
Sequence #46: GGT
Sequence #47: GTA
Sequence #48: GTC
Sequence #49: GTG
Sequence #50: GTT
Sequence #51: TAA
Sequence #52: TAC
Sequence #53: TAG
Sequence #54: TAT
Sequence #55: TCA
Sequence #56: TCC
Sequence #57: TCG
Sequence #58: TCT
Sequence #59: TGA
Sequence #60: TGC
Sequence #61: TGG
Sequence #62: TGT
Sequence #63: TTA
Sequence #64: TTC
Sequence #65: TTG
Sequence #66: TTT
Sequence #67: CAAA
Sequence #68: CAAC
Sequence #69: CAAG
Sequence #70: CAAT
Sequence #71: CACA
Sequence #72: CACC
Sequence #73: CACG
Sequence #74: CACT
Sequence #75: CAGA
Sequence #76: CAGC
Sequence #77: CAGG
Sequence #78: CAGT
Sequence #79: CATA
Sequence #80: CATC
Sequence #81: CATG
Sequence #82: CATT
Sequence #83: CCAA
Sequence #84: CCAC
Sequence #85: CCAG
Sequence #86: CCAT
Sequence #87: CCCA
Sequence #88: CCCC
Sequence #89: CCCG
Sequence #90: CCCT
Sequence #91: CCGA
Sequence #92: CCGC
Sequence #93: CCGG
Sequence #94: CCGT
Sequence #95: CCTA
Sequence #96: CCTC
Sequence #97: CCTG
Sequence #98: CCTT
Sequence #99: CGAA
Sequence #100: CGAC
Sequence #101: CGAG
Sequence #102: CGAT
Sequence #103: CGCA
Sequence #104: 1
Sequence #105: 2
Sequence #106: 3
Sequence #107: 4
Sequence #108: 5
Sequence #109: 6
Sequence #110: 7
Sequence #111: 8
Sequence #112: 9
Sequence #113: 10
Sequence #114: 11
Sequence #115: 12
Sequence #116: 13
Sequence #117: 14
Sequence #118: 15
Sequence #119: 16
Sequence #120: 17
Sequence #121: 18
Sequence #122: 19
Sequence #123: 20
Sequence #124: 21
Sequence #125: 22
Sequence #126: 23
Sequence #127: 24
Sequence #128: 25
Sequence #129: 26
Sequence #130: 27
Sequence #131: 28
Sequence #132: 29
Sequence #133: 30
Sequence #134: 31
Sequence #135: 32
Sequence #136: 33
Sequence #137: 34
Sequence #138: 35
Sequence #139: 36
Sequence #140: 37
Sequence #141: 38
Sequence #142: 39
Sequence #143: 40
Sequence #144: 41
Sequence #145: 42
Sequence #146: 43
Sequence #147: 44
Sequence #148: 45
Sequence #149: 46
Sequence #150: 47
Sequence #151: 48
Sequence #152: 49
Sequence #153: 50
Sequence #154: 51
Sequence #155: 52
Sequence #156: 53
Sequence #157: 54
Sequence #158: 55
Sequence #159: 56
Sequence #160: 57
Sequence #161: 58
Sequence #162: 59
Sequence #163: 60
Sequence #164: 61
Sequence #165: 62
Sequence #166: 63
Sequence #167: 64
Sequence #168: 65
Sequence #169: 66
Sequence #170: 67
Sequence #171: 68
Sequence #172: 69
Sequence #173: 70
Sequence #174: 71
Sequence #175: 72
Sequence #176: 73
Sequence #177: 74
Sequence #178: 75
Sequence #179: 76
Sequence #180: 77
Sequence #181: 78
Sequence #182: 79
Sequence #183: 80
Sequence #184: 81
Sequence #185: 82
Sequence #186: 83
Sequence #187: 84
Sequence #188: 85
Sequence #189: 86
Sequence #190: 87
Sequence #191: 88
Sequence #192: 89
Sequence #193: 90
Sequence #194: 91
Sequence #195: 92
Sequence #196: 93
Sequence #197: 94
Sequence #198: 95
Sequence #199: 96
Sequence #200: 97
Sequence #201: 98
Sequence #202: 99
Sequence #203: 100
Sequence #204: 805306368
Sequence #205: TGTGCGGTAGGAAAA
Sequence #206: 1073741823
Sequence #207: TTTTTTTTTTTTTTT
Sequence #208: C
Sequence #209: CA
Sequence #210: CAA
Sequence #211: CAAA
Sequence #212: CAAAA
Sequence #213: CAAAAA
Sequence #214: CAAAAAA
Sequence #215: CAAAAAAA
Sequence #216: CAAAAAAAA
Sequence #217: CAAAAAAAAA
Sequence #218: CAAAAAAAAAA
Sequence #219: CAAAAAAAAAAA
Sequence #220: CAAAAAAAAAAAA
Sequence #221: CAAAAAAAAAAAAA
Sequence #222: CAAAAAAAAAAAAAA
Sequence #223: T
Sequence #224: TT
Sequence #225: TTT
Sequence #226: TTTT
Sequence #227: TTTTT
Sequence #228: TTTTTT
Sequence #229: TTTTTTT
Sequence #230: TTTTTTTT
Sequence #231: TTTTTTTTT
Sequence #232: TTTTTTTTTT
Sequence #233: TTTTTTTTTTT
Sequence #234: TTTTTTTTTTTT
Sequence #235: TTTTTTTTTTTTT
Sequence #236: TTTTTTTTTTTTTT
Sequence #237: TTTTTTTTTTTTTTT
Sequence #238: 1
Sequence #239: 4
Sequence #240: 16
Sequence #241: 64
Sequence #242: 256
Sequence #243: 1024
Sequence #244: 4096
Sequence #245: 16384
Sequence #246: 65536
Sequence #247: 262144
Sequence #248: 1048576
Sequence #249: 4194304
Sequence #250: 16777216
Sequence #251: 67108864
Sequence #252: 268435456
Sequence #253: 3
Sequence #254: 15
Sequence #255: 63
Sequence #256: 255
Sequence #257: 1023
Sequence #258: 4095
Sequence #259: 16383
Sequence #260: 65535
Sequence #261: 262143
Sequence #262: 1048575
Sequence #263: 4194303
Sequence #264: 16777215
Sequence #265: 67108863
Sequence #266: 268435455
Sequence #267: 1073741823
Sequence #268: CAAAGAGGGTTTAT
Sequence #269: GGTTCGGACT
Sequence #270: CAAAGTCAATTTTT
Sequence #271: CAAAGCCACCTGGA
Sequence #272: CACT
Sequence #273: CACACCGTCATTAT
Sequence #274: CAAAGACCTAATTC
Sequence #275: GGAACTAATC
Sequence #276: CGTTTTC
Sequence #277: CACT
Sequence #278: CAAAGCCACGGCTT
Sequence #279: CGGCGTT
Sequence #280: CGGCGTT
Sequence #281: CCCA
Sequence #282: TTGGGTAACCCCT
Sequence #283: CTAACAA
Sequence #284: CAAT
Sequence #285: CCAAGTTAGCAGAT
Sequence #286: CAAAGCCACGGTAA
Sequence #287: CGCGGGT
Sequence #288: CAAC
Sequence #289: GGAACTAATC
Sequence #290: CTAAAAT
Sequence #291: CACACCCGCACTCT
Sequence #292: GGTTCGGCCA
Sequence #293: CGGCTAT
Sequence #294: CAAC
Sequence #295: CAAT
Sequence #296: CACACCCGCGTATC
Sequence #297: TTGGGTAATGGTC
Sequence #298: TATGGGTGCC
Sequence #299: GACACCT
Sequence #300: CACAGACAGGGTGA
Sequence #301: TTGGCTCCTTCAA
Sequence #302: CGCGGGT
Sequence #303: CAAAGTCAACGTGA
Sequence #304: CACT
Sequence #305: CACT
Sequence #306: CTAACAA
Sequence #307: TTGGGTAACCCCT
Sequence #308: GGAATAATCA
Sequence #309: CCCA
Sequence #310: GGAACCGCAA
Sequence #311: CACACCGTATCCTT
Sequence #312: CAAAGTCAGCACCT
Sequence #313: CACACCCGGTTGAC
Sequence #314: CGCGGGT
Sequence #315: CAAT
Sequence #316: TTGGGAGCCACCC
Sequence #317: CACT
Sequence #318: CCATAAACGGTAGTG
Sequence #319: GAAGTTCTACTTTA
Sequence #320: CACGTTTTGCCGTGG
Sequence #321: TAAAACGCGTTTGGT
Sequence #322: TTAGGTGCGCAAAGT
Sequence #323: CTGTTTGGGAGTACA
Sequence #324: CTTACACTTTTACA
Sequence #325: GCACCACCGTCGAAT
Sequence #326: TTCGTGCCTCAGGTA
Sequence #327: CAAATATATTAGTTA
Sequence #328: CCTCAACCGGATGGC
Sequence #329: GGATCAGGGTATGCC
Sequence #330: CATGCCCCAACTTGC
Sequence #331: TATGTTTTTGACGTC
Sequence #332: GGAGACGATTTAAGA
Sequence #333: TATCGAAAATATCGG
Sequence #334: CCTGGGAGAGCCCG
Sequence #335: TTTCAATGTGCTCCA
Sequence #336: GTTGCAACAACATTG
Sequence #337: GCGTACCTGCGCGG
Sequence #338: GAATTTACGCCTCGG
Sequence #339: CCTCTCTCGCCACTG
Sequence #340: GACGGCTTGCGGCC
Sequence #341: GTCCAAGTTATGCTG
Sequence #342: TCCGGGAGAAGGATG
Sequence #343: TCACCCCATCTTGTT
Sequence #344: TAGGAAGTTCTG
Sequence #345: TCGACACCGGTTAG
Sequence #346: TGATGTAGGCAAACT
Sequence #347: TTAAGCGAGCGCCGC
Sequence #348: GAGATACGGCGTTCC
Sequence #349: GGGTAGTCTTGATGT
Sequence #350: TGCTAGAAGAAATCC
Sequence #351: GAGGTACGTTACTAC
Sequence #352: CTCCGTACGTGCGT
Sequence #353: TTGGATATGTCTGTC
Sequence #354: CATAGCCATTAGCG
Sequence #355: CCATCTCAAAGTCCC
Sequence #356: GACCCGCACCGAGGA
Sequence #357: CGCCTAAACATATTG
Sequence #358: GTTATAGCACTAACA
Sequence #359: CGACCATGGAATGA
Sequence #360: TACCCGTTTATAGT
Sequence #361: TCCTGATAAGTGATT
Sequence #362: GGAAGTATTTAGGCC
Sequence #363: CATTTAAGGTGCAAG
Sequence #364: TACCTGGTTACGTAG
Sequence #365: TTCTGAGTACTATCG
Sequence #366: CCCACCTCACTACCA
Sequence #367: GCCGAGATCGGTGTA
Sequence #368: 807700
Sequence #369: 933477
Sequence #370: 3235
Sequence #371: 50867474
Sequence #372: 766548771
Sequence #373: 706558885
Sequence #374: 93398064
Sequence #375: 27
Sequence #376: 1026656588
Sequence #377: 419033
Sequence #378: 13799
Sequence #379: 53
Sequence #380: 997572917
Sequence #381: 5
Sequence #382: 501496635
Sequence #383: 686526235
Sequence #384: 4899
Sequence #385: 29628
Sequence #386: 620280638
Sequence #387: 230
Sequence #388: 61430
Sequence #389: 994
Sequence #390: 649392947
Sequence #391: 3447
Sequence #392: 682
Sequence #393: 537
Sequence #394: 229909
Sequence #395: 4096
Sequence #396: 486
Sequence #397: 1365
Sequence #398: 15608
Sequence #399: 3331
Sequence #400: 25285
Sequence #401: 95
Sequence #402: 4069
Sequence #403: 808
Sequence #404: 280076
Sequence #405: 1069451185
Sequence #406: 37203888
Sequence #407: 283493293
Sequence #408: 824393755
Sequence #409: 3653
Sequence #410: 842
Sequence #411: 43817531
Sequence #412: 230855980
Sequence #413: 384177
Sequence #414: 15219
Sequence #415: 4741068
Sequence #416: 450952936
Sequence #417: 954781684
